3: Fizz
5: Buzz
7: Fooz
11: Biff
13: Faze
len(game) = 1000

1
2
Fizz
4
Buzz
Fizz
Fooz
8
Fizz
Buzz
Biff
Fizz
Faze
Fooz
FizzBuzz
16
17
Fizz
19
Buzz
FizzFooz
Biff
23
Fizz
Buzz
Faze
Fizz
Fooz
29
FizzBuzz
31
32
FizzBiff
34
BuzzFooz
Fizz
37
38
FizzFaze
Buzz
41
FizzFooz
43
Biff
FizzBuzz
46
47
Fizz
Fooz
Buzz
Fizz
Faze
53
Fizz
BuzzBiff
Fooz
Fizz
58
59
FizzBuzz
61
62
FizzFooz
64
BuzzFaze
FizzBiff
67
68
Fizz
BuzzFooz
71
Fizz
73
74
FizzBuzz
76
FoozBiff
FizzFaze
79
Buzz
Fizz
82
83
FizzFooz
Buzz
86
Fizz
Biff
89
FizzBuzz
FoozFaze
92
Fizz
94
Buzz
Fizz
97
Fooz
FizzBiff
Buzz
101
Fizz
103
Faze
FizzBuzzFooz
106
107
Fizz
109
BuzzBiff
Fizz
Fooz
113
Fizz
Buzz
116
FizzFaze
118
Fooz
FizzBuzz
Biff
122
Fizz
124
Buzz
FizzFooz
127
128
Fizz
BuzzFaze
131
FizzBiff
Fooz
134
FizzBuzz
136
137
Fizz
139
BuzzFooz
Fizz
142
BiffFaze
Fizz
Buzz
146
FizzFooz
148
149
FizzBuzz
151
152
Fizz
FoozBiff
Buzz
FizzFaze
157
158
Fizz
Buzz
Fooz
Fizz
163
164
FizzBuzzBiff
166
167
FizzFooz
Faze
Buzz
Fizz
172
173
Fizz
BuzzFooz
Biff
Fizz
178
179
FizzBuzz
181
FoozFaze
Fizz
184
Buzz
Fizz
Biff
188
FizzFooz
Buzz
191
Fizz
193
194
FizzBuzzFaze
Fooz
197
FizzBiff
199
Buzz
Fizz
202
Fooz
Fizz
Buzz
206
Fizz
Faze
Biff
FizzBuzzFooz
211
212
Fizz
214
Buzz
Fizz
Fooz
218
Fizz
BuzzBiff
Faze
Fizz
223
Fooz
FizzBuzz
226
227
Fizz
229
Buzz
FizzFoozBiff
232
233
FizzFaze
Buzz
236
Fizz
Fooz
239
FizzBuzz
241
Biff
Fizz
244
BuzzFooz
Fizz
Faze
248
Fizz
Buzz
251
FizzFooz
Biff
254
FizzBuzz
256
257
Fizz
Fooz
BuzzFaze
Fizz
262
263
FizzBiff
Buzz
Fooz
Fizz
268
269
FizzBuzz
271
272
FizzFoozFaze
274
BuzzBiff
Fizz
277
278
Fizz
BuzzFooz
281
Fizz
283
284
FizzBuzz
BiffFaze
Fooz
Fizz
289
Buzz
Fizz
292
293
FizzFooz
Buzz
296
FizzBiff
298
Faze
FizzBuzz
Fooz
302
Fizz
304
Buzz
Fizz
307
FoozBiff
Fizz
Buzz
311
FizzFaze
313
314
FizzBuzzFooz
316
317
Fizz
Biff
Buzz
Fizz
Fooz
323
Fizz
BuzzFaze
326
Fizz
328
Fooz
FizzBuzzBiff
331
332
Fizz
334
Buzz
FizzFooz
337
Faze
Fizz
Buzz
Biff
Fizz
Fooz
344
FizzBuzz
346
347
Fizz
349
BuzzFooz
FizzFaze
Biff
353
Fizz
Buzz
356
FizzFooz
358
359
FizzBuzz
361
362
FizzBiff
FoozFaze
Buzz
Fizz
367
368
Fizz
Buzz
Fooz
Fizz
373
Biff
FizzBuzz
376
Faze
FizzFooz
379
Buzz
Fizz
382
383
Fizz
BuzzFoozBiff
386
Fizz
388
389
FizzBuzzFaze
391
Fooz
Fizz
394
Buzz
FizzBiff
397
398
FizzFooz
Buzz
401
Fizz
Faze
404
FizzBuzz
Fooz
Biff
Fizz
409
Buzz
Fizz
412
Fooz
Fizz
Buzz
Faze
Fizz
Biff
419
FizzBuzzFooz
421
422
Fizz
424
Buzz
Fizz
Fooz
428
FizzBiffFaze
Buzz
431
Fizz
433
Fooz
FizzBuzz
436
437
Fizz
439
BuzzBiff
FizzFooz
Faze
443
Fizz
Buzz
446
Fizz
Fooz
449
FizzBuzz
Biff
452
Fizz
454
BuzzFoozFaze
Fizz
457
458
Fizz
Buzz
461
FizzFoozBiff
463
464
FizzBuzz
466
467
FizzFaze
Fooz
Buzz
Fizz
472
Biff
Fizz
Buzz
Fooz
Fizz
478
479
FizzBuzz
Faze
482
FizzFooz
Biff
Buzz
Fizz
487
488
Fizz
BuzzFooz
491
Fizz
493
Faze
FizzBuzzBiff
496
Fooz
Fizz
499
Buzz
Fizz
502
503
FizzFooz
Buzz
Biff
FizzFaze
508
509
FizzBuzz
Fooz
512
Fizz
514
Buzz
Fizz
Biff
Fooz
Fizz
BuzzFaze
521
Fizz
523
524
FizzBuzzFooz
526
527
FizzBiff
529
Buzz
Fizz
Fooz
Faze
Fizz
Buzz
536
Fizz
538
FoozBiff
FizzBuzz
541
542
Fizz
544
Buzz
FizzFoozFaze
547
548
Fizz
BuzzBiff
551
Fizz
Fooz
554
FizzBuzz
556
557
Fizz
Faze
BuzzFooz
FizzBiff
562
563
Fizz
Buzz
566
FizzFooz
568
569
FizzBuzz
571
BiffFaze
Fizz
Fooz
Buzz
Fizz
577
578
Fizz
Buzz
Fooz
Fizz
Biff
584
FizzBuzzFaze
586
587
FizzFooz
589
Buzz
Fizz
592
593
FizzBiff
BuzzFooz
596
Fizz
Faze
599
FizzBuzz
601
Fooz
Fizz
604
BuzzBiff
Fizz
607
608
FizzFooz
Buzz
Faze
Fizz
613
614
FizzBuzz
FoozBiff
617
Fizz
619
Buzz
Fizz
622
Fooz
FizzFaze
Buzz
626
FizzBiff
628
629
FizzBuzzFooz
631
632
Fizz
634
Buzz
Fizz
FoozFaze
Biff
Fizz
Buzz
641
Fizz
643
Fooz
FizzBuzz
646
647
Fizz
Biff
BuzzFaze
FizzFooz
652
653
Fizz
Buzz
656
Fizz
Fooz
659
FizzBuzzBiff
661
662
FizzFaze
664
BuzzFooz
Fizz
667
668
Fizz
Buzz
Biff
FizzFooz
673
674
FizzBuzz
Faze
677
Fizz
Fooz
Buzz
Fizz
Biff
683
Fizz
Buzz
Fooz
Fizz
688
Faze
FizzBuzz
691
692
FizzFoozBiff
694
Buzz
Fizz
697
698
Fizz
BuzzFooz
701
FizzFaze
703
Biff
FizzBuzz
706
Fooz
Fizz
709
Buzz
Fizz
712
713
FizzFooz
BuzzBiffFaze
716
Fizz
718
719
FizzBuzz
Fooz
722
Fizz
724
Buzz
FizzBiff
727
FoozFaze
Fizz
Buzz
731
Fizz
733
734
FizzBuzzFooz
736
Biff
Fizz
739
Buzz
FizzFaze
Fooz
743
Fizz
Buzz
746
Fizz
Biff
Fooz
FizzBuzz
751
752
Fizz
Faze
Buzz
FizzFooz
757
758
FizzBiff
Buzz
761
Fizz
Fooz
764
FizzBuzz
766
Faze
Fizz
769
BuzzFoozBiff
Fizz
772
773
Fizz
Buzz
776
FizzFooz
778
779
FizzBuzzFaze
Biff
782
Fizz
Fooz
Buzz
Fizz
787
788
Fizz
Buzz
Fooz
FizzBiff
Faze
794
FizzBuzz
796
797
FizzFooz
799
Buzz
Fizz
802
Biff
Fizz
BuzzFooz
Faze
Fizz
808
809
FizzBuzz
811
Fooz
Fizz
Biff
Buzz
Fizz
817
818
FizzFoozFaze
Buzz
821
Fizz
823
824
FizzBuzzBiff
Fooz
827
Fizz
829
Buzz
Fizz
Faze
Fooz
Fizz
Buzz
Biff
Fizz
838
839
FizzBuzzFooz
841
842
Fizz
844
BuzzFaze
Fizz
FoozBiff
848
Fizz
Buzz
851
Fizz
853
Fooz
FizzBuzz
856
857
FizzBiffFaze
859
Buzz
FizzFooz
862
863
Fizz
Buzz
866
Fizz
Fooz
Biff
FizzBuzz
Faze
872
Fizz
874
BuzzFooz
Fizz
877
878
Fizz
BuzzBiff
881
FizzFooz
883
Faze
FizzBuzz
886
887
Fizz
Fooz
Buzz
FizzBiff
892
893
Fizz
Buzz
Fooz
FizzFaze
898
899
FizzBuzz
901
Biff
FizzFooz
904
Buzz
Fizz
907
908
Fizz
BuzzFoozFaze
911
Fizz
Biff
914
FizzBuzz
916
Fooz
Fizz
919
Buzz
Fizz
922
Faze
FizzFoozBiff
Buzz
926
Fizz
928
929
FizzBuzz
Fooz
932
Fizz
934
BuzzBiff
FizzFaze
937
Fooz
Fizz
Buzz
941
Fizz
943
944
FizzBuzzFooz
Biff
947
Fizz
Faze
Buzz
Fizz
Fooz
953
Fizz
Buzz
956
FizzBiff
958
Fooz
FizzBuzz
961
Faze
Fizz
964
Buzz
FizzFooz
967
Biff
Fizz
Buzz
971
Fizz
Fooz
974
FizzBuzzFaze
976
977
Fizz
Biff
BuzzFooz
Fizz
982
983
Fizz
Buzz
986
FizzFooz
Faze
989
FizzBuzzBiff
991
992
Fizz
Fooz
Buzz
Fizz
997
998
Fizz
Buzz

